This file contains any messages produced by compilers while
running configure, to aid debugging if configure makes a mistake.

configure:560: checking host system type
configure:593: checking for a BSD compatible install
configure:646: checking whether build environment is sane
configure:703: checking whether make sets ${MAKE}
configure:749: checking for working aclocal
configure:762: checking for working autoconf
configure:775: checking for working automake
configure:788: checking for working autoheader
configure:801: checking for working makeinfo
configure:815: checking whether to enable maintainer-specific portions of Makefiles
configure:839: checking whether make sets ${MAKE}
configure:868: checking for gcc
configure:981: checking whether the C compiler (gcc  ) works
configure:997: gcc -o conftest    conftest.c  1>&5
configure:994:1: warning: return type defaults to 'int' [-Wimplicit-int]
 main(){return(0);}
 ^~~~
configure:1023: checking whether the C compiler (gcc  ) is a cross-compiler
configure:1028: checking whether we are using GNU C
configure:1037: gcc -E conftest.c
configure:1056: checking whether gcc accepts -g
configure:1092: checking for c++
configure:1124: checking whether the C++ compiler (c++  ) works
configure:1140: c++ -o conftest    conftest.C  1>&5
configure:1166: checking whether the C++ compiler (c++  ) is a cross-compiler
configure:1171: checking whether we are using GNU C++
configure:1180: c++ -E conftest.C
configure:1199: checking whether c++ accepts -g
configure:1248: gcc -c -g -O2  conftest.c 1>&5
configure:1265: gcc -c -g -O2  conftest.c 1>&5
configure: In function 'main':
configure:1261:1: warning: implicit declaration of function 'exit' [-Wimplicit-function-declaration]
 exit (42);
 ^~~~
configure:1261:1: warning: incompatible implicit declaration of built-in function 'exit'
configure:1261:1: note: include '<stdlib.h>' or provide a declaration of 'exit'
configure:1284: checking for ranlib
configure:1312: checking for object suffix
configure:1318: gcc -c -g -O2  conftest.c 1>&5
configure:1336: checking for Cygwin environment
configure:1352: gcc -c -g -O2  conftest.c 1>&5
configure: In function 'main':
configure:1346:20: error: '__CYGWIN32__' undeclared (first use in this function); did you mean '__CYGWIN__'?
 #define __CYGWIN__ __CYGWIN32__
                    ^
configure:1348:8: note: in expansion of macro '__CYGWIN__'
 return __CYGWIN__;
        ^~~~~~~~~~
configure:1346:20: note: each undeclared identifier is reported only once for each function it appears in
 #define __CYGWIN__ __CYGWIN32__
                    ^
configure:1348:8: note: in expansion of macro '__CYGWIN__'
 return __CYGWIN__;
        ^~~~~~~~~~
configure: failed program was:
#line 1341 "configure"
#include "confdefs.h"

int main() {

#ifndef __CYGWIN__
#define __CYGWIN__ __CYGWIN32__
#endif
return __CYGWIN__;
; return 0; }
configure:1369: checking for mingw32 environment
configure:1381: gcc -c -g -O2  conftest.c 1>&5
configure: In function 'main':
configure:1377:8: error: '__MINGW32__' undeclared (first use in this function); did you mean '__INT32_C'?
 return __MINGW32__;
        ^~~~~~~~~~~
        __INT32_C
configure:1377:8: note: each undeclared identifier is reported only once for each function it appears in
configure: failed program was:
#line 1374 "configure"
#include "confdefs.h"

int main() {
return __MINGW32__;
; return 0; }
configure:1400: checking for executable suffix
configure:1410: gcc -o conftest -g -O2   conftest.c  1>&5
configure:1448: checking for Visual C++
configure:1488: checking the default compiler flags
